-- Install configuration: ""
-- Up-to-date: /home/a2s4/ros_space/A2-S4/install/grp_24/share/grp_24//launch
-- Up-to-date: /home/a2s4/ros_space/A2-S4/install/grp_24/share/grp_24//launch/map_v2.yaml
-- Up-to-date: /home/a2s4/ros_space/A2-S4/install/grp_24/share/grp_24//launch/config_visu_marker.rviz
-- Up-to-date: /home/a2s4/ros_space/A2-S4/install/grp_24/share/grp_24//launch/map_v2.pgm
-- Up-to-date: /home/a2s4/ros_space/A2-S4/install/grp_24/share/grp_24//launch/operator_launch.yaml
-- Up-to-date: /home/a2s4/ros_space/A2-S4/install/grp_24/share/grp_24//launch/config_image.rviz
-- Up-to-date: /home/a2s4/ros_space/A2-S4/install/grp_24/share/grp_24//launch/map_config_SLAM.rviz
-- Up-to-date: /home/a2s4/ros_space/A2-S4/install/grp_24/share/grp_24//launch/vision_launch.yaml
-- Up-to-date: /home/a2s4/ros_space/A2-S4/install/grp_24/share/grp_24//launch/map.pgm
-- Up-to-date: /home/a2s4/ros_space/A2-S4/install/grp_24/share/grp_24//launch/simulation_launch.yaml
-- Up-to-date: /home/a2s4/ros_space/A2-S4/install/grp_24/share/grp_24//launch/tbot_launch_v2.yaml
-- Up-to-date: /home/a2s4/ros_space/A2-S4/install/grp_24/share/ament_index/resource_index/package_run_dependencies/grp_24
-- Up-to-date: /home/a2s4/ros_space/A2-S4/install/grp_24/share/ament_index/resource_index/parent_prefix_path/grp_24
-- Up-to-date: /home/a2s4/ros_space/A2-S4/install/grp_24/share/grp_24/environment/ament_prefix_path.sh
-- Up-to-date: /home/a2s4/ros_space/A2-S4/install/grp_24/share/grp_24/environment/ament_prefix_path.dsv
-- Up-to-date: /home/a2s4/ros_space/A2-S4/install/grp_24/share/grp_24/environment/path.sh
-- Up-to-date: /home/a2s4/ros_space/A2-S4/install/grp_24/share/grp_24/environment/path.dsv
-- Up-to-date: /home/a2s4/ros_space/A2-S4/install/grp_24/share/grp_24/local_setup.bash
-- Up-to-date: /home/a2s4/ros_space/A2-S4/install/grp_24/share/grp_24/local_setup.sh
-- Up-to-date: /home/a2s4/ros_space/A2-S4/install/grp_24/share/grp_24/local_setup.zsh
-- Up-to-date: /home/a2s4/ros_space/A2-S4/install/grp_24/share/grp_24/local_setup.dsv
-- Installing: /home/a2s4/ros_space/A2-S4/install/grp_24/share/grp_24/package.dsv
-- Up-to-date: /home/a2s4/ros_space/A2-S4/install/grp_24/share/ament_index/resource_index/packages/grp_24
-- Up-to-date: /home/a2s4/ros_space/A2-S4/install/grp_24/share/grp_24/cmake/grp_24Config.cmake
-- Up-to-date: /home/a2s4/ros_space/A2-S4/install/grp_24/share/grp_24/cmake/grp_24Config-version.cmake
-- Up-to-date: /home/a2s4/ros_space/A2-S4/install/grp_24/share/grp_24/package.xml
