[0.112s] DEBUG:colcon:Command line arguments: ['/usr/bin/colcon', 'build']
[0.112s] DEBUG:colcon:Parsed command line arguments: Namespace(log_base=None, log_level=None, verb_name='build', build_base='build', install_base='install', merge_install=False, symlink_install=False, test_result_base=None, continue_on_error=False, executor='parallel', parallel_workers=8, event_handlers=None, ignore_user_meta=False, metas=['./colcon.meta'], base_paths=['.'], packages_ignore=None, packages_ignore_regex=None, paths=None, packages_up_to=None, packages_up_to_regex=None, packages_above=None, packages_above_and_dependencies=None, packages_above_depth=None, packages_select_by_dep=None, packages_skip_by_dep=None, packages_skip_up_to=None, packages_select_build_failed=False, packages_skip_build_finished=False, packages_select_test_failures=False, packages_skip_test_passed=False, packages_select=None, packages_skip=None, packages_select_regex=None, packages_skip_regex=None, packages_start=None, packages_end=None, allow_overriding=[], cmake_args=None, cmake_target=None, cmake_target_skip_unavailable=False, cmake_clean_cache=False, cmake_clean_first=False, cmake_force_configure=False, ament_cmake_args=None, catkin_cmake_args=None, catkin_skip_building_tests=False, mixin_files=None, mixin=None, verb_parser=<colcon_mixin.mixin.mixin_argument.MixinArgumentDecorator object at 0x76a6295f4940>, verb_extension=<colcon_core.verb.build.BuildVerb object at 0x76a6297018d0>, main=<bound method BuildVerb.main of <colcon_core.verb.build.BuildVerb object at 0x76a6297018d0>>, mixin_verb=('build',))
[0.310s] Level 1:colcon.colcon_core.package_discovery:discover_packages(colcon_meta) check parameters
[0.310s] Level 1:colcon.colcon_core.package_discovery:discover_packages(recursive) check parameters
[0.310s] Level 1:colcon.colcon_core.package_discovery:discover_packages(ignore) check parameters
[0.310s] Level 1:colcon.colcon_core.package_discovery:discover_packages(path) check parameters
[0.310s] Level 1:colcon.colcon_core.package_discovery:discover_packages(colcon_meta) discover
[0.310s] Level 1:colcon.colcon_core.package_discovery:discover_packages(recursive) discover
[0.310s] INFO:colcon.colcon_core.package_discovery:Crawling recursively for packages in '/home/a2s4/ros_space/A2-S4'
[0.310s] Level 1:colcon.colcon_core.package_identification:_identify(.) by extensions ['ignore', 'ignore_ament_install']
[0.310s] Level 1:colcon.colcon_core.package_identification:_identify(.) by extension 'ignore'
[0.310s] Level 1:colcon.colcon_core.package_identification:_identify(.) by extension 'ignore_ament_install'
[0.310s] Level 1:colcon.colcon_core.package_identification:_identify(.) by extensions ['colcon_pkg']
[0.310s] Level 1:colcon.colcon_core.package_identification:_identify(.) by extension 'colcon_pkg'
[0.310s] Level 1:colcon.colcon_core.package_identification:_identify(.) by extensions ['colcon_meta']
[0.310s] Level 1:colcon.colcon_core.package_identification:_identify(.) by extension 'colcon_meta'
[0.310s] Level 1:colcon.colcon_core.package_identification:_identify(.) by extensions ['ros']
[0.310s] Level 1:colcon.colcon_core.package_identification:_identify(.) by extension 'ros'
[0.329s] Level 1:colcon.colcon_core.package_identification:_identify(.) by extensions ['cmake', 'python']
[0.329s] Level 1:colcon.colcon_core.package_identification:_identify(.) by extension 'cmake'
[0.329s] Level 1:colcon.colcon_core.package_identification:_identify(.) by extension 'python'
[0.329s] Level 1:colcon.colcon_core.package_identification:_identify(.) by extensions ['python_setup_py']
[0.329s] Level 1:colcon.colcon_core.package_identification:_identify(.) by extension 'python_setup_py'
[0.329s] Level 1:colcon.colcon_core.package_identification:_identify(build) by extensions ['ignore', 'ignore_ament_install']
[0.329s] Level 1:colcon.colcon_core.package_identification:_identify(build) by extension 'ignore'
[0.329s] Level 1:colcon.colcon_core.package_identification:_identify(build) ignored
[0.329s] Level 1:colcon.colcon_core.package_identification:_identify(grp_24) by extensions ['ignore', 'ignore_ament_install']
[0.329s] Level 1:colcon.colcon_core.package_identification:_identify(grp_24) by extension 'ignore'
[0.330s] Level 1:colcon.colcon_core.package_identification:_identify(grp_24) by extension 'ignore_ament_install'
[0.330s] Level 1:colcon.colcon_core.package_identification:_identify(grp_24) by extensions ['colcon_pkg']
[0.330s] Level 1:colcon.colcon_core.package_identification:_identify(grp_24) by extension 'colcon_pkg'
[0.330s] Level 1:colcon.colcon_core.package_identification:_identify(grp_24) by extensions ['colcon_meta']
[0.330s] Level 1:colcon.colcon_core.package_identification:_identify(grp_24) by extension 'colcon_meta'
[0.330s] Level 1:colcon.colcon_core.package_identification:_identify(grp_24) by extensions ['ros']
[0.330s] Level 1:colcon.colcon_core.package_identification:_identify(grp_24) by extension 'ros'
[0.332s] DEBUG:colcon.colcon_core.package_identification:Package 'grp_24' with type 'ros.ament_cmake' and name 'grp_24'
[0.332s] Level 1:colcon.colcon_core.package_identification:_identify(install) by extensions ['ignore', 'ignore_ament_install']
[0.333s] Level 1:colcon.colcon_core.package_identification:_identify(install) by extension 'ignore'
[0.333s] Level 1:colcon.colcon_core.package_identification:_identify(install) ignored
[0.333s] Level 1:colcon.colcon_core.package_identification:_identify(log) by extensions ['ignore', 'ignore_ament_install']
[0.333s] Level 1:colcon.colcon_core.package_identification:_identify(log) by extension 'ignore'
[0.333s] Level 1:colcon.colcon_core.package_identification:_identify(log) ignored
[0.333s] Level 1:colcon.colcon_core.package_identification:_identify(tuto_vision) by extensions ['ignore', 'ignore_ament_install']
[0.333s] Level 1:colcon.colcon_core.package_identification:_identify(tuto_vision) by extension 'ignore'
[0.333s] Level 1:colcon.colcon_core.package_identification:_identify(tuto_vision) by extension 'ignore_ament_install'
[0.333s] Level 1:colcon.colcon_core.package_identification:_identify(tuto_vision) by extensions ['colcon_pkg']
[0.333s] Level 1:colcon.colcon_core.package_identification:_identify(tuto_vision) by extension 'colcon_pkg'
[0.333s] Level 1:colcon.colcon_core.package_identification:_identify(tuto_vision) by extensions ['colcon_meta']
[0.333s] Level 1:colcon.colcon_core.package_identification:_identify(tuto_vision) by extension 'colcon_meta'
[0.333s] Level 1:colcon.colcon_core.package_identification:_identify(tuto_vision) by extensions ['ros']
[0.333s] Level 1:colcon.colcon_core.package_identification:_identify(tuto_vision) by extension 'ros'
[0.334s] DEBUG:colcon.colcon_core.package_identification:Package 'tuto_vision' with type 'ros.ament_cmake' and name 'tuto_vision'
[0.334s] Level 1:colcon.colcon_core.package_identification:_identify(tutorial_pkg) by extensions ['ignore', 'ignore_ament_install']
[0.334s] Level 1:colcon.colcon_core.package_identification:_identify(tutorial_pkg) by extension 'ignore'
[0.334s] Level 1:colcon.colcon_core.package_identification:_identify(tutorial_pkg) by extension 'ignore_ament_install'
[0.334s] Level 1:colcon.colcon_core.package_identification:_identify(tutorial_pkg) by extensions ['colcon_pkg']
[0.334s] Level 1:colcon.colcon_core.package_identification:_identify(tutorial_pkg) by extension 'colcon_pkg'
[0.334s] Level 1:colcon.colcon_core.package_identification:_identify(tutorial_pkg) by extensions ['colcon_meta']
[0.334s] Level 1:colcon.colcon_core.package_identification:_identify(tutorial_pkg) by extension 'colcon_meta'
[0.334s] Level 1:colcon.colcon_core.package_identification:_identify(tutorial_pkg) by extensions ['ros']
[0.334s] Level 1:colcon.colcon_core.package_identification:_identify(tutorial_pkg) by extension 'ros'
[0.335s] DEBUG:colcon.colcon_core.package_identification:Package 'tutorial_pkg' with type 'ros.ament_cmake' and name 'tutorial_pkg'
[0.335s] Level 1:colcon.colcon_core.package_discovery:discover_packages(recursive) using defaults
[0.335s] Level 1:colcon.colcon_core.package_discovery:discover_packages(ignore) discover
[0.335s] Level 1:colcon.colcon_core.package_discovery:discover_packages(ignore) using defaults
[0.335s] Level 1:colcon.colcon_core.package_discovery:discover_packages(path) discover
[0.335s] Level 1:colcon.colcon_core.package_discovery:discover_packages(path) using defaults
[0.356s] Level 1:colcon.colcon_core.package_discovery:discover_packages(prefix_path) check parameters
[0.356s] Level 1:colcon.colcon_core.package_discovery:discover_packages(prefix_path) discover
[0.357s] WARNING:colcon.colcon_ros.prefix_path.ament:The path '/home/a2s4/ros_space/install/grp_24_v2' in the environment variable AMENT_PREFIX_PATH doesn't exist
[0.357s] WARNING:colcon.colcon_ros.prefix_path.catkin:The path '/home/a2s4/ros_space/install/grp_24_v2' in the environment variable CMAKE_PREFIX_PATH doesn't exist
[0.358s] DEBUG:colcon.colcon_installed_package_information.package_discovery:Found 5 installed packages in /home/a2s4/ros_space/install
[0.359s] DEBUG:colcon.colcon_installed_package_information.package_discovery:Found 366 installed packages in /opt/ros/iron
[0.361s] Level 1:colcon.colcon_core.package_discovery:discover_packages(prefix_path) using defaults
[0.412s] Level 5:colcon.colcon_core.verb:set package 'grp_24' build argument 'cmake_args' from command line to 'None'
[0.412s] Level 5:colcon.colcon_core.verb:set package 'grp_24' build argument 'cmake_target' from command line to 'None'
[0.412s] Level 5:colcon.colcon_core.verb:set package 'grp_24' build argument 'cmake_target_skip_unavailable' from command line to 'False'
[0.412s] Level 5:colcon.colcon_core.verb:set package 'grp_24' build argument 'cmake_clean_cache' from command line to 'False'
[0.413s] Level 5:colcon.colcon_core.verb:set package 'grp_24' build argument 'cmake_clean_first' from command line to 'False'
[0.413s] Level 5:colcon.colcon_core.verb:set package 'grp_24' build argument 'cmake_force_configure' from command line to 'False'
[0.413s] Level 5:colcon.colcon_core.verb:set package 'grp_24' build argument 'ament_cmake_args' from command line to 'None'
[0.413s] Level 5:colcon.colcon_core.verb:set package 'grp_24' build argument 'catkin_cmake_args' from command line to 'None'
[0.413s] Level 5:colcon.colcon_core.verb:set package 'grp_24' build argument 'catkin_skip_building_tests' from command line to 'False'
[0.413s] DEBUG:colcon.colcon_core.verb:Building package 'grp_24' with the following arguments: {'ament_cmake_args': None, 'build_base': '/home/a2s4/ros_space/A2-S4/build/grp_24', 'catkin_cmake_args': None, 'catkin_skip_building_tests': False, 'cmake_args': None, 'cmake_clean_cache': False, 'cmake_clean_first': False, 'cmake_force_configure': False, 'cmake_target': None, 'cmake_target_skip_unavailable': False, 'install_base': '/home/a2s4/ros_space/A2-S4/install/grp_24', 'merge_install': False, 'path': '/home/a2s4/ros_space/A2-S4/grp_24', 'symlink_install': False, 'test_result_base': None}
[0.413s] Level 5:colcon.colcon_core.verb:set package 'tuto_vision' build argument 'cmake_args' from command line to 'None'
[0.413s] Level 5:colcon.colcon_core.verb:set package 'tuto_vision' build argument 'cmake_target' from command line to 'None'
[0.413s] Level 5:colcon.colcon_core.verb:set package 'tuto_vision' build argument 'cmake_target_skip_unavailable' from command line to 'False'
[0.413s] Level 5:colcon.colcon_core.verb:set package 'tuto_vision' build argument 'cmake_clean_cache' from command line to 'False'
[0.413s] Level 5:colcon.colcon_core.verb:set package 'tuto_vision' build argument 'cmake_clean_first' from command line to 'False'
[0.413s] Level 5:colcon.colcon_core.verb:set package 'tuto_vision' build argument 'cmake_force_configure' from command line to 'False'
[0.413s] Level 5:colcon.colcon_core.verb:set package 'tuto_vision' build argument 'ament_cmake_args' from command line to 'None'
[0.413s] Level 5:colcon.colcon_core.verb:set package 'tuto_vision' build argument 'catkin_cmake_args' from command line to 'None'
[0.413s] Level 5:colcon.colcon_core.verb:set package 'tuto_vision' build argument 'catkin_skip_building_tests' from command line to 'False'
[0.413s] DEBUG:colcon.colcon_core.verb:Building package 'tuto_vision' with the following arguments: {'ament_cmake_args': None, 'build_base': '/home/a2s4/ros_space/A2-S4/build/tuto_vision', 'catkin_cmake_args': None, 'catkin_skip_building_tests': False, 'cmake_args': None, 'cmake_clean_cache': False, 'cmake_clean_first': False, 'cmake_force_configure': False, 'cmake_target': None, 'cmake_target_skip_unavailable': False, 'install_base': '/home/a2s4/ros_space/A2-S4/install/tuto_vision', 'merge_install': False, 'path': '/home/a2s4/ros_space/A2-S4/tuto_vision', 'symlink_install': False, 'test_result_base': None}
[0.414s] Level 5:colcon.colcon_core.verb:set package 'tutorial_pkg' build argument 'cmake_args' from command line to 'None'
[0.414s] Level 5:colcon.colcon_core.verb:set package 'tutorial_pkg' build argument 'cmake_target' from command line to 'None'
[0.414s] Level 5:colcon.colcon_core.verb:set package 'tutorial_pkg' build argument 'cmake_target_skip_unavailable' from command line to 'False'
[0.414s] Level 5:colcon.colcon_core.verb:set package 'tutorial_pkg' build argument 'cmake_clean_cache' from command line to 'False'
[0.414s] Level 5:colcon.colcon_core.verb:set package 'tutorial_pkg' build argument 'cmake_clean_first' from command line to 'False'
[0.414s] Level 5:colcon.colcon_core.verb:set package 'tutorial_pkg' build argument 'cmake_force_configure' from command line to 'False'
[0.414s] Level 5:colcon.colcon_core.verb:set package 'tutorial_pkg' build argument 'ament_cmake_args' from command line to 'None'
[0.414s] Level 5:colcon.colcon_core.verb:set package 'tutorial_pkg' build argument 'catkin_cmake_args' from command line to 'None'
[0.414s] Level 5:colcon.colcon_core.verb:set package 'tutorial_pkg' build argument 'catkin_skip_building_tests' from command line to 'False'
[0.414s] DEBUG:colcon.colcon_core.verb:Building package 'tutorial_pkg' with the following arguments: {'ament_cmake_args': None, 'build_base': '/home/a2s4/ros_space/A2-S4/build/tutorial_pkg', 'catkin_cmake_args': None, 'catkin_skip_building_tests': False, 'cmake_args': None, 'cmake_clean_cache': False, 'cmake_clean_first': False, 'cmake_force_configure': False, 'cmake_target': None, 'cmake_target_skip_unavailable': False, 'install_base': '/home/a2s4/ros_space/A2-S4/install/tutorial_pkg', 'merge_install': False, 'path': '/home/a2s4/ros_space/A2-S4/tutorial_pkg', 'symlink_install': False, 'test_result_base': None}
[0.414s] INFO:colcon.colcon_core.executor:Executing jobs using 'parallel' executor
[0.415s] DEBUG:colcon.colcon_parallel_executor.executor.parallel:run_until_complete
[0.415s] INFO:colcon.colcon_ros.task.ament_cmake.build:Building ROS package in '/home/a2s4/ros_space/A2-S4/grp_24' with build type 'ament_cmake'
[0.415s] INFO:colcon.colcon_cmake.task.cmake.build:Building CMake package in '/home/a2s4/ros_space/A2-S4/grp_24'
[0.417s] INFO:colcon.colcon_core.plugin_system:Skipping extension 'colcon_core.shell.bat': Not used on non-Windows systems
[0.417s] INFO:colcon.colcon_core.shell:Skip shell extension 'powershell' for command environment: Not usable outside of PowerShell
[0.417s] DEBUG:colcon.colcon_core.shell:Skip shell extension 'dsv' for command environment
[0.421s] INFO:colcon.colcon_ros.task.ament_cmake.build:Building ROS package in '/home/a2s4/ros_space/A2-S4/tuto_vision' with build type 'ament_cmake'
[0.421s] INFO:colcon.colcon_cmake.task.cmake.build:Building CMake package in '/home/a2s4/ros_space/A2-S4/tuto_vision'
[0.421s] INFO:colcon.colcon_core.shell:Skip shell extension 'powershell' for command environment: Not usable outside of PowerShell
[0.421s] DEBUG:colcon.colcon_core.shell:Skip shell extension 'dsv' for command environment
[0.425s] INFO:colcon.colcon_ros.task.ament_cmake.build:Building ROS package in '/home/a2s4/ros_space/A2-S4/tutorial_pkg' with build type 'ament_cmake'
[0.425s] INFO:colcon.colcon_cmake.task.cmake.build:Building CMake package in '/home/a2s4/ros_space/A2-S4/tutorial_pkg'
[0.425s] INFO:colcon.colcon_core.shell:Skip shell extension 'powershell' for command environment: Not usable outside of PowerShell
[0.425s] DEBUG:colcon.colcon_core.shell:Skip shell extension 'dsv' for command environment
[0.433s] DEBUG:colcon.colcon_core.event_handler.log_command:Invoking command in '/home/a2s4/ros_space/A2-S4/build/grp_24': CMAKE_PREFIX_PATH=${CMAKE_PREFIX_PATH}:/opt/ros/iron /usr/bin/cmake --build /home/a2s4/ros_space/A2-S4/build/grp_24 -- -j8 -l8
[0.438s] DEBUG:colcon.colcon_core.event_handler.log_command:Invoking command in '/home/a2s4/ros_space/A2-S4/build/tuto_vision': CMAKE_PREFIX_PATH=${CMAKE_PREFIX_PATH}:/opt/ros/iron /usr/bin/cmake --build /home/a2s4/ros_space/A2-S4/build/tuto_vision -- -j8 -l8
[0.441s] DEBUG:colcon.colcon_core.event_handler.log_command:Invoking command in '/home/a2s4/ros_space/A2-S4/build/tutorial_pkg': CMAKE_PREFIX_PATH=${CMAKE_PREFIX_PATH}:/opt/ros/iron /usr/bin/cmake --build /home/a2s4/ros_space/A2-S4/build/tutorial_pkg -- -j8 -l8
[0.470s] DEBUG:colcon.colcon_core.event_handler.log_command:Invoked command in '/home/a2s4/ros_space/A2-S4/build/grp_24' returned '0': CMAKE_PREFIX_PATH=${CMAKE_PREFIX_PATH}:/opt/ros/iron /usr/bin/cmake --build /home/a2s4/ros_space/A2-S4/build/grp_24 -- -j8 -l8
[0.479s] DEBUG:colcon.colcon_core.event_handler.log_command:Invoking command in '/home/a2s4/ros_space/A2-S4/build/grp_24': CMAKE_PREFIX_PATH=${CMAKE_PREFIX_PATH}:/opt/ros/iron /usr/bin/cmake --install /home/a2s4/ros_space/A2-S4/build/grp_24
[0.480s] DEBUG:colcon.colcon_core.event_handler.log_command:Invoked command in '/home/a2s4/ros_space/A2-S4/build/tuto_vision' returned '0': CMAKE_PREFIX_PATH=${CMAKE_PREFIX_PATH}:/opt/ros/iron /usr/bin/cmake --build /home/a2s4/ros_space/A2-S4/build/tuto_vision -- -j8 -l8
[0.482s] DEBUG:colcon.colcon_core.event_handler.log_command:Invoking command in '/home/a2s4/ros_space/A2-S4/build/tuto_vision': CMAKE_PREFIX_PATH=${CMAKE_PREFIX_PATH}:/opt/ros/iron /usr/bin/cmake --install /home/a2s4/ros_space/A2-S4/build/tuto_vision
[0.483s] DEBUG:colcon.colcon_core.event_handler.log_command:Invoked command in '/home/a2s4/ros_space/A2-S4/build/tutorial_pkg' returned '0': CMAKE_PREFIX_PATH=${CMAKE_PREFIX_PATH}:/opt/ros/iron /usr/bin/cmake --build /home/a2s4/ros_space/A2-S4/build/tutorial_pkg -- -j8 -l8
[0.484s] DEBUG:colcon.colcon_core.event_handler.log_command:Invoking command in '/home/a2s4/ros_space/A2-S4/build/tutorial_pkg': CMAKE_PREFIX_PATH=${CMAKE_PREFIX_PATH}:/opt/ros/iron /usr/bin/cmake --install /home/a2s4/ros_space/A2-S4/build/tutorial_pkg
[0.489s] Level 1:colcon.colcon_core.environment:create_environment_scripts_only(grp_24)
[0.489s] DEBUG:colcon.colcon_core.event_handler.log_command:Invoked command in '/home/a2s4/ros_space/A2-S4/build/grp_24' returned '0': CMAKE_PREFIX_PATH=${CMAKE_PREFIX_PATH}:/opt/ros/iron /usr/bin/cmake --install /home/a2s4/ros_space/A2-S4/build/grp_24
[0.496s] Level 1:colcon.colcon_core.environment:checking '/home/a2s4/ros_space/A2-S4/install/grp_24' for CMake module files
[0.496s] Level 1:colcon.colcon_core.environment:checking '/home/a2s4/ros_space/A2-S4/install/grp_24' for CMake config files
[0.496s] Level 1:colcon.colcon_core.shell:create_environment_hook('grp_24', 'cmake_prefix_path')
[0.497s] INFO:colcon.colcon_core.shell:Creating environment hook '/home/a2s4/ros_space/A2-S4/install/grp_24/share/grp_24/hook/cmake_prefix_path.ps1'
[0.497s] INFO:colcon.colcon_core.shell:Creating environment descriptor '/home/a2s4/ros_space/A2-S4/install/grp_24/share/grp_24/hook/cmake_prefix_path.dsv'
[0.498s] INFO:colcon.colcon_core.shell:Creating environment hook '/home/a2s4/ros_space/A2-S4/install/grp_24/share/grp_24/hook/cmake_prefix_path.sh'
[0.498s] Level 1:colcon.colcon_core.environment:checking '/home/a2s4/ros_space/A2-S4/install/grp_24/bin'
[0.498s] Level 1:colcon.colcon_core.environment:checking '/home/a2s4/ros_space/A2-S4/install/grp_24/lib/pkgconfig/grp_24.pc'
[0.499s] Level 1:colcon.colcon_core.environment:checking '/home/a2s4/ros_space/A2-S4/install/grp_24/lib/python3.10/site-packages'
[0.499s] Level 1:colcon.colcon_core.environment:checking '/home/a2s4/ros_space/A2-S4/install/grp_24/bin'
[0.499s] INFO:colcon.colcon_core.shell:Creating package script '/home/a2s4/ros_space/A2-S4/install/grp_24/share/grp_24/package.ps1'
[0.500s] INFO:colcon.colcon_core.shell:Creating package descriptor '/home/a2s4/ros_space/A2-S4/install/grp_24/share/grp_24/package.dsv'
[0.501s] INFO:colcon.colcon_core.shell:Creating package script '/home/a2s4/ros_space/A2-S4/install/grp_24/share/grp_24/package.sh'
[0.501s] INFO:colcon.colcon_core.shell:Creating package script '/home/a2s4/ros_space/A2-S4/install/grp_24/share/grp_24/package.bash'
[0.502s] INFO:colcon.colcon_core.shell:Creating package script '/home/a2s4/ros_space/A2-S4/install/grp_24/share/grp_24/package.zsh'
[0.503s] Level 1:colcon.colcon_core.environment:create_file_with_runtime_dependencies(/home/a2s4/ros_space/A2-S4/install/grp_24/share/colcon-core/packages/grp_24)
[0.503s] Level 1:colcon.colcon_core.environment:create_environment_scripts_only(grp_24)
[0.503s] Level 1:colcon.colcon_core.environment:checking '/home/a2s4/ros_space/A2-S4/install/grp_24' for CMake module files
[0.504s] Level 1:colcon.colcon_core.environment:checking '/home/a2s4/ros_space/A2-S4/install/grp_24' for CMake config files
[0.504s] Level 1:colcon.colcon_core.shell:create_environment_hook('grp_24', 'cmake_prefix_path')
[0.504s] INFO:colcon.colcon_core.shell:Creating environment hook '/home/a2s4/ros_space/A2-S4/install/grp_24/share/grp_24/hook/cmake_prefix_path.ps1'
[0.505s] INFO:colcon.colcon_core.shell:Creating environment descriptor '/home/a2s4/ros_space/A2-S4/install/grp_24/share/grp_24/hook/cmake_prefix_path.dsv'
[0.505s] INFO:colcon.colcon_core.shell:Creating environment hook '/home/a2s4/ros_space/A2-S4/install/grp_24/share/grp_24/hook/cmake_prefix_path.sh'
[0.505s] Level 1:colcon.colcon_core.environment:checking '/home/a2s4/ros_space/A2-S4/install/grp_24/bin'
[0.505s] Level 1:colcon.colcon_core.environment:checking '/home/a2s4/ros_space/A2-S4/install/grp_24/lib/pkgconfig/grp_24.pc'
[0.506s] Level 1:colcon.colcon_core.environment:checking '/home/a2s4/ros_space/A2-S4/install/grp_24/lib/python3.10/site-packages'
[0.506s] Level 1:colcon.colcon_core.environment:checking '/home/a2s4/ros_space/A2-S4/install/grp_24/bin'
[0.506s] INFO:colcon.colcon_core.shell:Creating package script '/home/a2s4/ros_space/A2-S4/install/grp_24/share/grp_24/package.ps1'
[0.507s] INFO:colcon.colcon_core.shell:Creating package descriptor '/home/a2s4/ros_space/A2-S4/install/grp_24/share/grp_24/package.dsv'
[0.507s] INFO:colcon.colcon_core.shell:Creating package script '/home/a2s4/ros_space/A2-S4/install/grp_24/share/grp_24/package.sh'
[0.507s] INFO:colcon.colcon_core.shell:Creating package script '/home/a2s4/ros_space/A2-S4/install/grp_24/share/grp_24/package.bash'
[0.508s] INFO:colcon.colcon_core.shell:Creating package script '/home/a2s4/ros_space/A2-S4/install/grp_24/share/grp_24/package.zsh'
[0.508s] Level 1:colcon.colcon_core.environment:create_file_with_runtime_dependencies(/home/a2s4/ros_space/A2-S4/install/grp_24/share/colcon-core/packages/grp_24)
[0.509s] Level 1:colcon.colcon_core.environment:create_environment_scripts_only(tuto_vision)
[0.509s] Level 1:colcon.colcon_core.environment:checking '/home/a2s4/ros_space/A2-S4/install/tuto_vision' for CMake module files
[0.510s] DEBUG:colcon.colcon_core.event_handler.log_command:Invoked command in '/home/a2s4/ros_space/A2-S4/build/tuto_vision' returned '0': CMAKE_PREFIX_PATH=${CMAKE_PREFIX_PATH}:/opt/ros/iron /usr/bin/cmake --install /home/a2s4/ros_space/A2-S4/build/tuto_vision
[0.510s] Level 1:colcon.colcon_core.environment:checking '/home/a2s4/ros_space/A2-S4/install/tuto_vision' for CMake config files
[0.510s] Level 1:colcon.colcon_core.shell:create_environment_hook('tuto_vision', 'cmake_prefix_path')
[0.510s] INFO:colcon.colcon_core.shell:Creating environment hook '/home/a2s4/ros_space/A2-S4/install/tuto_vision/share/tuto_vision/hook/cmake_prefix_path.ps1'
[0.511s] INFO:colcon.colcon_core.shell:Creating environment descriptor '/home/a2s4/ros_space/A2-S4/install/tuto_vision/share/tuto_vision/hook/cmake_prefix_path.dsv'
[0.511s] INFO:colcon.colcon_core.shell:Creating environment hook '/home/a2s4/ros_space/A2-S4/install/tuto_vision/share/tuto_vision/hook/cmake_prefix_path.sh'
[0.512s] Level 1:colcon.colcon_core.environment:checking '/home/a2s4/ros_space/A2-S4/install/tuto_vision/lib'
[0.512s] Level 1:colcon.colcon_core.environment:checking '/home/a2s4/ros_space/A2-S4/install/tuto_vision/bin'
[0.512s] Level 1:colcon.colcon_core.environment:checking '/home/a2s4/ros_space/A2-S4/install/tuto_vision/lib/pkgconfig/tuto_vision.pc'
[0.512s] Level 1:colcon.colcon_core.environment:checking '/home/a2s4/ros_space/A2-S4/install/tuto_vision/lib/python3.10/site-packages'
[0.512s] Level 1:colcon.colcon_core.environment:checking '/home/a2s4/ros_space/A2-S4/install/tuto_vision/bin'
[0.513s] INFO:colcon.colcon_core.shell:Creating package script '/home/a2s4/ros_space/A2-S4/install/tuto_vision/share/tuto_vision/package.ps1'
[0.513s] INFO:colcon.colcon_core.shell:Creating package descriptor '/home/a2s4/ros_space/A2-S4/install/tuto_vision/share/tuto_vision/package.dsv'
[0.513s] INFO:colcon.colcon_core.shell:Creating package script '/home/a2s4/ros_space/A2-S4/install/tuto_vision/share/tuto_vision/package.sh'
[0.514s] INFO:colcon.colcon_core.shell:Creating package script '/home/a2s4/ros_space/A2-S4/install/tuto_vision/share/tuto_vision/package.bash'
[0.514s] INFO:colcon.colcon_core.shell:Creating package script '/home/a2s4/ros_space/A2-S4/install/tuto_vision/share/tuto_vision/package.zsh'
[0.514s] Level 1:colcon.colcon_core.environment:create_file_with_runtime_dependencies(/home/a2s4/ros_space/A2-S4/install/tuto_vision/share/colcon-core/packages/tuto_vision)
[0.515s] Level 1:colcon.colcon_core.environment:create_environment_scripts_only(tuto_vision)
[0.515s] Level 1:colcon.colcon_core.environment:checking '/home/a2s4/ros_space/A2-S4/install/tuto_vision' for CMake module files
[0.516s] Level 1:colcon.colcon_core.environment:checking '/home/a2s4/ros_space/A2-S4/install/tuto_vision' for CMake config files
[0.516s] Level 1:colcon.colcon_core.shell:create_environment_hook('tuto_vision', 'cmake_prefix_path')
[0.516s] INFO:colcon.colcon_core.shell:Creating environment hook '/home/a2s4/ros_space/A2-S4/install/tuto_vision/share/tuto_vision/hook/cmake_prefix_path.ps1'
[0.516s] INFO:colcon.colcon_core.shell:Creating environment descriptor '/home/a2s4/ros_space/A2-S4/install/tuto_vision/share/tuto_vision/hook/cmake_prefix_path.dsv'
[0.517s] INFO:colcon.colcon_core.shell:Creating environment hook '/home/a2s4/ros_space/A2-S4/install/tuto_vision/share/tuto_vision/hook/cmake_prefix_path.sh'
[0.517s] Level 1:colcon.colcon_core.environment:checking '/home/a2s4/ros_space/A2-S4/install/tuto_vision/lib'
[0.517s] Level 1:colcon.colcon_core.environment:checking '/home/a2s4/ros_space/A2-S4/install/tuto_vision/bin'
[0.517s] Level 1:colcon.colcon_core.environment:checking '/home/a2s4/ros_space/A2-S4/install/tuto_vision/lib/pkgconfig/tuto_vision.pc'
[0.517s] Level 1:colcon.colcon_core.environment:checking '/home/a2s4/ros_space/A2-S4/install/tuto_vision/lib/python3.10/site-packages'
[0.518s] Level 1:colcon.colcon_core.environment:checking '/home/a2s4/ros_space/A2-S4/install/tuto_vision/bin'
[0.518s] INFO:colcon.colcon_core.shell:Creating package script '/home/a2s4/ros_space/A2-S4/install/tuto_vision/share/tuto_vision/package.ps1'
[0.518s] INFO:colcon.colcon_core.shell:Creating package descriptor '/home/a2s4/ros_space/A2-S4/install/tuto_vision/share/tuto_vision/package.dsv'
[0.519s] INFO:colcon.colcon_core.shell:Creating package script '/home/a2s4/ros_space/A2-S4/install/tuto_vision/share/tuto_vision/package.sh'
[0.519s] INFO:colcon.colcon_core.shell:Creating package script '/home/a2s4/ros_space/A2-S4/install/tuto_vision/share/tuto_vision/package.bash'
[0.520s] INFO:colcon.colcon_core.shell:Creating package script '/home/a2s4/ros_space/A2-S4/install/tuto_vision/share/tuto_vision/package.zsh'
[0.520s] Level 1:colcon.colcon_core.environment:create_file_with_runtime_dependencies(/home/a2s4/ros_space/A2-S4/install/tuto_vision/share/colcon-core/packages/tuto_vision)
[0.520s] Level 1:colcon.colcon_core.environment:create_environment_scripts_only(tutorial_pkg)
[0.520s] Level 1:colcon.colcon_core.environment:checking '/home/a2s4/ros_space/A2-S4/install/tutorial_pkg' for CMake module files
[0.521s] DEBUG:colcon.colcon_core.event_handler.log_command:Invoked command in '/home/a2s4/ros_space/A2-S4/build/tutorial_pkg' returned '0': CMAKE_PREFIX_PATH=${CMAKE_PREFIX_PATH}:/opt/ros/iron /usr/bin/cmake --install /home/a2s4/ros_space/A2-S4/build/tutorial_pkg
[0.522s] Level 1:colcon.colcon_core.environment:checking '/home/a2s4/ros_space/A2-S4/install/tutorial_pkg' for CMake config files
[0.522s] Level 1:colcon.colcon_core.shell:create_environment_hook('tutorial_pkg', 'cmake_prefix_path')
[0.522s] INFO:colcon.colcon_core.shell:Creating environment hook '/home/a2s4/ros_space/A2-S4/install/tutorial_pkg/share/tutorial_pkg/hook/cmake_prefix_path.ps1'
[0.522s] INFO:colcon.colcon_core.shell:Creating environment descriptor '/home/a2s4/ros_space/A2-S4/install/tutorial_pkg/share/tutorial_pkg/hook/cmake_prefix_path.dsv'
[0.522s] INFO:colcon.colcon_core.shell:Creating environment hook '/home/a2s4/ros_space/A2-S4/install/tutorial_pkg/share/tutorial_pkg/hook/cmake_prefix_path.sh'
[0.523s] Level 1:colcon.colcon_core.environment:checking '/home/a2s4/ros_space/A2-S4/install/tutorial_pkg/lib'
[0.523s] Level 1:colcon.colcon_core.environment:checking '/home/a2s4/ros_space/A2-S4/install/tutorial_pkg/bin'
[0.523s] Level 1:colcon.colcon_core.environment:checking '/home/a2s4/ros_space/A2-S4/install/tutorial_pkg/lib/pkgconfig/tutorial_pkg.pc'
[0.523s] Level 1:colcon.colcon_core.environment:checking '/home/a2s4/ros_space/A2-S4/install/tutorial_pkg/lib/python3.10/site-packages'
[0.523s] Level 1:colcon.colcon_core.environment:checking '/home/a2s4/ros_space/A2-S4/install/tutorial_pkg/bin'
[0.524s] INFO:colcon.colcon_core.shell:Creating package script '/home/a2s4/ros_space/A2-S4/install/tutorial_pkg/share/tutorial_pkg/package.ps1'
[0.524s] INFO:colcon.colcon_core.shell:Creating package descriptor '/home/a2s4/ros_space/A2-S4/install/tutorial_pkg/share/tutorial_pkg/package.dsv'
[0.525s] INFO:colcon.colcon_core.shell:Creating package script '/home/a2s4/ros_space/A2-S4/install/tutorial_pkg/share/tutorial_pkg/package.sh'
[0.525s] INFO:colcon.colcon_core.shell:Creating package script '/home/a2s4/ros_space/A2-S4/install/tutorial_pkg/share/tutorial_pkg/package.bash'
[0.525s] INFO:colcon.colcon_core.shell:Creating package script '/home/a2s4/ros_space/A2-S4/install/tutorial_pkg/share/tutorial_pkg/package.zsh'
[0.526s] Level 1:colcon.colcon_core.environment:create_file_with_runtime_dependencies(/home/a2s4/ros_space/A2-S4/install/tutorial_pkg/share/colcon-core/packages/tutorial_pkg)
[0.526s] Level 1:colcon.colcon_core.environment:create_environment_scripts_only(tutorial_pkg)
[0.527s] Level 1:colcon.colcon_core.environment:checking '/home/a2s4/ros_space/A2-S4/install/tutorial_pkg' for CMake module files
[0.527s] Level 1:colcon.colcon_core.environment:checking '/home/a2s4/ros_space/A2-S4/install/tutorial_pkg' for CMake config files
[0.527s] Level 1:colcon.colcon_core.shell:create_environment_hook('tutorial_pkg', 'cmake_prefix_path')
[0.527s] INFO:colcon.colcon_core.shell:Creating environment hook '/home/a2s4/ros_space/A2-S4/install/tutorial_pkg/share/tutorial_pkg/hook/cmake_prefix_path.ps1'
[0.528s] INFO:colcon.colcon_core.shell:Creating environment descriptor '/home/a2s4/ros_space/A2-S4/install/tutorial_pkg/share/tutorial_pkg/hook/cmake_prefix_path.dsv'
[0.528s] INFO:colcon.colcon_core.shell:Creating environment hook '/home/a2s4/ros_space/A2-S4/install/tutorial_pkg/share/tutorial_pkg/hook/cmake_prefix_path.sh'
[0.529s] Level 1:colcon.colcon_core.environment:checking '/home/a2s4/ros_space/A2-S4/install/tutorial_pkg/lib'
[0.529s] Level 1:colcon.colcon_core.environment:checking '/home/a2s4/ros_space/A2-S4/install/tutorial_pkg/bin'
[0.529s] Level 1:colcon.colcon_core.environment:checking '/home/a2s4/ros_space/A2-S4/install/tutorial_pkg/lib/pkgconfig/tutorial_pkg.pc'
[0.529s] Level 1:colcon.colcon_core.environment:checking '/home/a2s4/ros_space/A2-S4/install/tutorial_pkg/lib/python3.10/site-packages'
[0.529s] Level 1:colcon.colcon_core.environment:checking '/home/a2s4/ros_space/A2-S4/install/tutorial_pkg/bin'
[0.530s] INFO:colcon.colcon_core.shell:Creating package script '/home/a2s4/ros_space/A2-S4/install/tutorial_pkg/share/tutorial_pkg/package.ps1'
[0.530s] INFO:colcon.colcon_core.shell:Creating package descriptor '/home/a2s4/ros_space/A2-S4/install/tutorial_pkg/share/tutorial_pkg/package.dsv'
[0.531s] INFO:colcon.colcon_core.shell:Creating package script '/home/a2s4/ros_space/A2-S4/install/tutorial_pkg/share/tutorial_pkg/package.sh'
[0.531s] INFO:colcon.colcon_core.shell:Creating package script '/home/a2s4/ros_space/A2-S4/install/tutorial_pkg/share/tutorial_pkg/package.bash'
[0.532s] INFO:colcon.colcon_core.shell:Creating package script '/home/a2s4/ros_space/A2-S4/install/tutorial_pkg/share/tutorial_pkg/package.zsh'
[0.532s] Level 1:colcon.colcon_core.environment:create_file_with_runtime_dependencies(/home/a2s4/ros_space/A2-S4/install/tutorial_pkg/share/colcon-core/packages/tutorial_pkg)
[0.532s] DEBUG:colcon.colcon_parallel_executor.executor.parallel:closing loop
[0.532s] DEBUG:colcon.colcon_parallel_executor.executor.parallel:loop closed
[0.532s] DEBUG:colcon.colcon_parallel_executor.executor.parallel:run_until_complete finished with '0'
[0.533s] DEBUG:colcon.colcon_core.event_reactor:joining thread
[0.537s] INFO:colcon.colcon_core.plugin_system:Skipping extension 'colcon_notification.desktop_notification.notify_send': Could not find 'notify-send'
[0.537s] INFO:colcon.colcon_core.plugin_system:Skipping extension 'colcon_notification.desktop_notification.terminal_notifier': Not used on non-Darwin systems
[0.537s] INFO:colcon.colcon_core.plugin_system:Skipping extension 'colcon_notification.desktop_notification.win32': Not used on non-Windows systems
[0.537s] INFO:colcon.colcon_notification.desktop_notification:Sending desktop notification using 'notify2'
[0.547s] DEBUG:colcon.colcon_core.event_reactor:joined thread
[0.547s] INFO:colcon.colcon_core.shell:Creating prefix script '/home/a2s4/ros_space/A2-S4/install/local_setup.ps1'
[0.548s] INFO:colcon.colcon_core.shell:Creating prefix util module '/home/a2s4/ros_space/A2-S4/install/_local_setup_util_ps1.py'
[0.550s] INFO:colcon.colcon_core.shell:Creating prefix chain script '/home/a2s4/ros_space/A2-S4/install/setup.ps1'
[0.551s] INFO:colcon.colcon_core.shell:Creating prefix script '/home/a2s4/ros_space/A2-S4/install/local_setup.sh'
[0.552s] INFO:colcon.colcon_core.shell:Creating prefix util module '/home/a2s4/ros_space/A2-S4/install/_local_setup_util_sh.py'
[0.552s] INFO:colcon.colcon_core.shell:Creating prefix chain script '/home/a2s4/ros_space/A2-S4/install/setup.sh'
[0.553s] INFO:colcon.colcon_core.shell:Creating prefix script '/home/a2s4/ros_space/A2-S4/install/local_setup.bash'
[0.554s] INFO:colcon.colcon_core.shell:Creating prefix chain script '/home/a2s4/ros_space/A2-S4/install/setup.bash'
[0.556s] INFO:colcon.colcon_core.shell:Creating prefix script '/home/a2s4/ros_space/A2-S4/install/local_setup.zsh'
[0.556s] INFO:colcon.colcon_core.shell:Creating prefix chain script '/home/a2s4/ros_space/A2-S4/install/setup.zsh'
