[0.014s] Invoking command in '/home/a2s4/ros_space/A2-S4/build/tuto_vision': CMAKE_PREFIX_PATH=${CMAKE_PREFIX_PATH}:/opt/ros/iron /usr/bin/cmake /home/a2s4/ros_space/A2-S4/tuto_vision -DCMAKE_INSTALL_PREFIX=/home/a2s4/ros_space/A2-S4/install/tuto_vision
[0.064s] -- The C compiler identification is GNU 11.4.0
[0.115s] -- The CXX compiler identification is GNU 11.4.0
[0.121s] -- Detecting C compiler ABI info
[0.176s] -- Detecting C compiler ABI info - done
[0.187s] -- Check for working C compiler: /usr/bin/cc - skipped
[0.187s] -- Detecting C compile features
[0.187s] -- Detecting C compile features - done
[0.192s] -- Detecting CXX compiler ABI info
[0.266s] -- Detecting CXX compiler ABI info - done
[0.273s] -- Check for working CXX compiler: /usr/bin/c++ - skipped
[0.273s] -- Detecting CXX compile features
[0.274s] -- Detecting CXX compile features - done
[0.276s] -- Found ament_cmake: 2.0.7 (/opt/ros/iron/share/ament_cmake/cmake)
[0.469s] -- Found Python3: /usr/bin/python3.10 (found version "3.10.12") found components: Interpreter 
[0.563s] -- Found ament_lint_auto: 0.14.4 (/opt/ros/iron/share/ament_lint_auto/cmake)
[0.640s] -- Added test 'flake8' to check Python code syntax and style conventions
[0.640s] -- Configured 'flake8' exclude dirs and/or files: 
[0.640s] -- Added test 'lint_cmake' to check CMake code style
[0.641s] -- Added test 'pep257' to check Python code against some of the docstring style conventions in PEP 257
[0.642s] -- Added test 'xmllint' to check XML markup files
[0.643s] -- Configuring done
[0.645s] -- Generating done
[0.647s] -- Build files have been written to: /home/a2s4/ros_space/A2-S4/build/tuto_vision
[0.651s] Invoked command in '/home/a2s4/ros_space/A2-S4/build/tuto_vision' returned '0': CMAKE_PREFIX_PATH=${CMAKE_PREFIX_PATH}:/opt/ros/iron /usr/bin/cmake /home/a2s4/ros_space/A2-S4/tuto_vision -DCMAKE_INSTALL_PREFIX=/home/a2s4/ros_space/A2-S4/install/tuto_vision
[0.652s] Invoking command in '/home/a2s4/ros_space/A2-S4/build/tuto_vision': CMAKE_PREFIX_PATH=${CMAKE_PREFIX_PATH}:/opt/ros/iron /usr/bin/cmake --build /home/a2s4/ros_space/A2-S4/build/tuto_vision -- -j8 -l8
[0.684s] Invoked command in '/home/a2s4/ros_space/A2-S4/build/tuto_vision' returned '0': CMAKE_PREFIX_PATH=${CMAKE_PREFIX_PATH}:/opt/ros/iron /usr/bin/cmake --build /home/a2s4/ros_space/A2-S4/build/tuto_vision -- -j8 -l8
[0.686s] Invoking command in '/home/a2s4/ros_space/A2-S4/build/tuto_vision': CMAKE_PREFIX_PATH=${CMAKE_PREFIX_PATH}:/opt/ros/iron /usr/bin/cmake --install /home/a2s4/ros_space/A2-S4/build/tuto_vision
[0.691s] -- Install configuration: ""
[0.691s] -- Installing: /home/a2s4/ros_space/A2-S4/install/tuto_vision/share/ament_index/resource_index/package_run_dependencies/tuto_vision
[0.691s] -- Installing: /home/a2s4/ros_space/A2-S4/install/tuto_vision/share/ament_index/resource_index/parent_prefix_path/tuto_vision
[0.691s] -- Installing: /home/a2s4/ros_space/A2-S4/install/tuto_vision/share/tuto_vision/environment/ament_prefix_path.sh
[0.691s] -- Installing: /home/a2s4/ros_space/A2-S4/install/tuto_vision/share/tuto_vision/environment/ament_prefix_path.dsv
[0.691s] -- Installing: /home/a2s4/ros_space/A2-S4/install/tuto_vision/share/tuto_vision/environment/path.sh
[0.691s] -- Installing: /home/a2s4/ros_space/A2-S4/install/tuto_vision/share/tuto_vision/environment/path.dsv
[0.691s] -- Installing: /home/a2s4/ros_space/A2-S4/install/tuto_vision/share/tuto_vision/local_setup.bash
[0.691s] -- Installing: /home/a2s4/ros_space/A2-S4/install/tuto_vision/share/tuto_vision/local_setup.sh
[0.692s] -- Installing: /home/a2s4/ros_space/A2-S4/install/tuto_vision/share/tuto_vision/local_setup.zsh
[0.692s] -- Installing: /home/a2s4/ros_space/A2-S4/install/tuto_vision/share/tuto_vision/local_setup.dsv
[0.692s] -- Installing: /home/a2s4/ros_space/A2-S4/install/tuto_vision/share/tuto_vision/package.dsv
[0.693s] -- Installing: /home/a2s4/ros_space/A2-S4/install/tuto_vision/share/ament_index/resource_index/packages/tuto_vision
[0.693s] -- Installing: /home/a2s4/ros_space/A2-S4/install/tuto_vision/share/tuto_vision/cmake/tuto_visionConfig.cmake
[0.693s] -- Installing: /home/a2s4/ros_space/A2-S4/install/tuto_vision/share/tuto_vision/cmake/tuto_visionConfig-version.cmake
[0.693s] -- Installing: /home/a2s4/ros_space/A2-S4/install/tuto_vision/share/tuto_vision/package.xml
[0.694s] -- Installing: /home/a2s4/ros_space/A2-S4/install/tuto_vision/lib/tuto_vision/process_image.py
[0.694s] -- Installing: /home/a2s4/ros_space/A2-S4/install/tuto_vision/lib/tuto_vision/detection_objet.py
[0.703s] Invoked command in '/home/a2s4/ros_space/A2-S4/build/tuto_vision' returned '0': CMAKE_PREFIX_PATH=${CMAKE_PREFIX_PATH}:/opt/ros/iron /usr/bin/cmake --install /home/a2s4/ros_space/A2-S4/build/tuto_vision
