-- Install configuration: ""
-- Up-to-date: /home/a2s4/ros_space/A2-S4/install/tutorial_pkg/share/ament_index/resource_index/package_run_dependencies/tutorial_pkg
-- Up-to-date: /home/a2s4/ros_space/A2-S4/install/tutorial_pkg/share/ament_index/resource_index/parent_prefix_path/tutorial_pkg
-- Up-to-date: /home/a2s4/ros_space/A2-S4/install/tutorial_pkg/share/tutorial_pkg/environment/ament_prefix_path.sh
-- Up-to-date: /home/a2s4/ros_space/A2-S4/install/tutorial_pkg/share/tutorial_pkg/environment/ament_prefix_path.dsv
-- Up-to-date: /home/a2s4/ros_space/A2-S4/install/tutorial_pkg/share/tutorial_pkg/environment/path.sh
-- Up-to-date: /home/a2s4/ros_space/A2-S4/install/tutorial_pkg/share/tutorial_pkg/environment/path.dsv
-- Up-to-date: /home/a2s4/ros_space/A2-S4/install/tutorial_pkg/share/tutorial_pkg/local_setup.bash
-- Up-to-date: /home/a2s4/ros_space/A2-S4/install/tutorial_pkg/share/tutorial_pkg/local_setup.sh
-- Up-to-date: /home/a2s4/ros_space/A2-S4/install/tutorial_pkg/share/tutorial_pkg/local_setup.zsh
-- Up-to-date: /home/a2s4/ros_space/A2-S4/install/tutorial_pkg/share/tutorial_pkg/local_setup.dsv
-- Installing: /home/a2s4/ros_space/A2-S4/install/tutorial_pkg/share/tutorial_pkg/package.dsv
-- Up-to-date: /home/a2s4/ros_space/A2-S4/install/tutorial_pkg/share/ament_index/resource_index/packages/tutorial_pkg
-- Up-to-date: /home/a2s4/ros_space/A2-S4/install/tutorial_pkg/share/tutorial_pkg/cmake/tutorial_pkgConfig.cmake
-- Up-to-date: /home/a2s4/ros_space/A2-S4/install/tutorial_pkg/share/tutorial_pkg/cmake/tutorial_pkgConfig-version.cmake
-- Up-to-date: /home/a2s4/ros_space/A2-S4/install/tutorial_pkg/share/tutorial_pkg/package.xml
-- Up-to-date: /home/a2s4/ros_space/A2-S4/install/tutorial_pkg/lib/tutorial_pkg/talker
-- Up-to-date: /home/a2s4/ros_space/A2-S4/install/tutorial_pkg/lib/tutorial_pkg/listener
-- Up-to-date: /home/a2s4/ros_space/A2-S4/install/tutorial_pkg/lib/tutorial_pkg/test_move.py
-- Up-to-date: /home/a2s4/ros_space/A2-S4/install/tutorial_pkg/lib/tutorial_pkg/pournous.py
-- Up-to-date: /home/a2s4/ros_space/A2-S4/install/tutorial_pkg/lib/tutorial_pkg/scan_echo.py
-- Up-to-date: /home/a2s4/ros_space/A2-S4/install/tutorial_pkg/lib/tutorial_pkg/test_move.py
-- Up-to-date: /home/a2s4/ros_space/A2-S4/install/tutorial_pkg/lib/tutorial_pkg/straight.py
-- Up-to-date: /home/a2s4/ros_space/A2-S4/install/tutorial_pkg/lib/tutorial_pkg/straight_simulation.py
