[0.015s] Invoking command in '/home/a2s4/ros_space/A2-S4/build/tutorial_pkg': CMAKE_PREFIX_PATH=${CMAKE_PREFIX_PATH}:/opt/ros/iron /usr/bin/cmake --build /home/a2s4/ros_space/A2-S4/build/tutorial_pkg -- -j8 -l8
[0.056s] Invoked command in '/home/a2s4/ros_space/A2-S4/build/tutorial_pkg' returned '0': CMAKE_PREFIX_PATH=${CMAKE_PREFIX_PATH}:/opt/ros/iron /usr/bin/cmake --build /home/a2s4/ros_space/A2-S4/build/tutorial_pkg -- -j8 -l8
[0.057s] Invoking command in '/home/a2s4/ros_space/A2-S4/build/tutorial_pkg': CMAKE_PREFIX_PATH=${CMAKE_PREFIX_PATH}:/opt/ros/iron /usr/bin/cmake --install /home/a2s4/ros_space/A2-S4/build/tutorial_pkg
[0.065s] -- Install configuration: ""
[0.065s] -- Up-to-date: /home/a2s4/ros_space/A2-S4/install/tutorial_pkg/share/ament_index/resource_index/package_run_dependencies/tutorial_pkg
[0.065s] -- Up-to-date: /home/a2s4/ros_space/A2-S4/install/tutorial_pkg/share/ament_index/resource_index/parent_prefix_path/tutorial_pkg
[0.065s] -- Up-to-date: /home/a2s4/ros_space/A2-S4/install/tutorial_pkg/share/tutorial_pkg/environment/ament_prefix_path.sh
[0.066s] -- Up-to-date: /home/a2s4/ros_space/A2-S4/install/tutorial_pkg/share/tutorial_pkg/environment/ament_prefix_path.dsv
[0.066s] -- Up-to-date: /home/a2s4/ros_space/A2-S4/install/tutorial_pkg/share/tutorial_pkg/environment/path.sh
[0.066s] -- Up-to-date: /home/a2s4/ros_space/A2-S4/install/tutorial_pkg/share/tutorial_pkg/environment/path.dsv
[0.066s] -- Up-to-date: /home/a2s4/ros_space/A2-S4/install/tutorial_pkg/share/tutorial_pkg/local_setup.bash
[0.066s] -- Up-to-date: /home/a2s4/ros_space/A2-S4/install/tutorial_pkg/share/tutorial_pkg/local_setup.sh
[0.067s] -- Up-to-date: /home/a2s4/ros_space/A2-S4/install/tutorial_pkg/share/tutorial_pkg/local_setup.zsh
[0.067s] -- Up-to-date: /home/a2s4/ros_space/A2-S4/install/tutorial_pkg/share/tutorial_pkg/local_setup.dsv
[0.067s] -- Installing: /home/a2s4/ros_space/A2-S4/install/tutorial_pkg/share/tutorial_pkg/package.dsv
[0.067s] -- Up-to-date: /home/a2s4/ros_space/A2-S4/install/tutorial_pkg/share/ament_index/resource_index/packages/tutorial_pkg
[0.067s] -- Up-to-date: /home/a2s4/ros_space/A2-S4/install/tutorial_pkg/share/tutorial_pkg/cmake/tutorial_pkgConfig.cmake
[0.067s] -- Up-to-date: /home/a2s4/ros_space/A2-S4/install/tutorial_pkg/share/tutorial_pkg/cmake/tutorial_pkgConfig-version.cmake
[0.067s] -- Up-to-date: /home/a2s4/ros_space/A2-S4/install/tutorial_pkg/share/tutorial_pkg/package.xml
[0.067s] -- Up-to-date: /home/a2s4/ros_space/A2-S4/install/tutorial_pkg/lib/tutorial_pkg/talker
[0.067s] -- Up-to-date: /home/a2s4/ros_space/A2-S4/install/tutorial_pkg/lib/tutorial_pkg/listener
[0.067s] -- Up-to-date: /home/a2s4/ros_space/A2-S4/install/tutorial_pkg/lib/tutorial_pkg/test_move.py
[0.067s] -- Up-to-date: /home/a2s4/ros_space/A2-S4/install/tutorial_pkg/lib/tutorial_pkg/pournous.py
[0.067s] -- Up-to-date: /home/a2s4/ros_space/A2-S4/install/tutorial_pkg/lib/tutorial_pkg/scan_echo.py
[0.067s] -- Up-to-date: /home/a2s4/ros_space/A2-S4/install/tutorial_pkg/lib/tutorial_pkg/test_move.py
[0.068s] -- Up-to-date: /home/a2s4/ros_space/A2-S4/install/tutorial_pkg/lib/tutorial_pkg/straight.py
[0.068s] -- Up-to-date: /home/a2s4/ros_space/A2-S4/install/tutorial_pkg/lib/tutorial_pkg/straight_simulation.py
[0.094s] Invoked command in '/home/a2s4/ros_space/A2-S4/build/tutorial_pkg' returned '0': CMAKE_PREFIX_PATH=${CMAKE_PREFIX_PATH}:/opt/ros/iron /usr/bin/cmake --install /home/a2s4/ros_space/A2-S4/build/tutorial_pkg
