[0.015s] Invoking command in '/home/a2s4/ros_space/A2-S4/build/tutorial_pkg': CMAKE_PREFIX_PATH=${CMAKE_PREFIX_PATH}:/opt/ros/iron /usr/bin/cmake /home/a2s4/ros_space/A2-S4/tutorial_pkg -DCMAKE_INSTALL_PREFIX=/home/a2s4/ros_space/A2-S4/install/tutorial_pkg
[0.061s] -- The C compiler identification is GNU 11.4.0
[0.112s] -- The CXX compiler identification is GNU 11.4.0
[0.118s] -- Detecting C compiler ABI info
[0.169s] -- Detecting C compiler ABI info - done
[0.175s] -- Check for working C compiler: /usr/bin/cc - skipped
[0.175s] -- Detecting C compile features
[0.176s] -- Detecting C compile features - done
[0.178s] -- Detecting CXX compiler ABI info
[0.244s] -- Detecting CXX compiler ABI info - done
[0.250s] -- Check for working CXX compiler: /usr/bin/c++ - skipped
[0.251s] -- Detecting CXX compile features
[0.251s] -- Detecting CXX compile features - done
[0.253s] -- Found ament_cmake: 2.0.7 (/opt/ros/iron/share/ament_cmake/cmake)
[0.429s] -- Found Python3: /usr/bin/python3.10 (found version "3.10.12") found components: Interpreter 
[0.534s] -- Found geometry_msgs: 5.0.1 (/opt/ros/iron/share/geometry_msgs/cmake)
[0.572s] -- Found rosidl_generator_c: 4.0.1 (/opt/ros/iron/share/rosidl_generator_c/cmake)
[0.584s] -- Found rosidl_generator_cpp: 4.0.1 (/opt/ros/iron/share/rosidl_generator_cpp/cmake)
[0.602s] -- Using all available rosidl_typesupport_c: rosidl_typesupport_fastrtps_c;rosidl_typesupport_introspection_c
[0.623s] -- Using all available rosidl_typesupport_cpp: rosidl_typesupport_fastrtps_cpp;rosidl_typesupport_introspection_cpp
[0.738s] -- Found kobuki_ros_interfaces: 1.0.0 (/home/a2s4/ros_space/install/kobuki_ros_interfaces/share/kobuki_ros_interfaces/cmake)
[1.027s] -- Found ament_lint_auto: 0.14.4 (/opt/ros/iron/share/ament_lint_auto/cmake)
[1.121s] -- Added test 'flake8' to check Python code syntax and style conventions
[1.121s] -- Configured 'flake8' exclude dirs and/or files: 
[1.122s] -- Added test 'lint_cmake' to check CMake code style
[1.123s] -- Added test 'pep257' to check Python code against some of the docstring style conventions in PEP 257
[1.125s] -- Added test 'xmllint' to check XML markup files
[1.126s] -- Configuring done
[1.130s] -- Generating done
[1.132s] -- Build files have been written to: /home/a2s4/ros_space/A2-S4/build/tutorial_pkg
[1.139s] Invoked command in '/home/a2s4/ros_space/A2-S4/build/tutorial_pkg' returned '0': CMAKE_PREFIX_PATH=${CMAKE_PREFIX_PATH}:/opt/ros/iron /usr/bin/cmake /home/a2s4/ros_space/A2-S4/tutorial_pkg -DCMAKE_INSTALL_PREFIX=/home/a2s4/ros_space/A2-S4/install/tutorial_pkg
[1.140s] Invoking command in '/home/a2s4/ros_space/A2-S4/build/tutorial_pkg': CMAKE_PREFIX_PATH=${CMAKE_PREFIX_PATH}:/opt/ros/iron /usr/bin/cmake --build /home/a2s4/ros_space/A2-S4/build/tutorial_pkg -- -j8 -l8
[1.179s] Invoked command in '/home/a2s4/ros_space/A2-S4/build/tutorial_pkg' returned '0': CMAKE_PREFIX_PATH=${CMAKE_PREFIX_PATH}:/opt/ros/iron /usr/bin/cmake --build /home/a2s4/ros_space/A2-S4/build/tutorial_pkg -- -j8 -l8
[1.181s] Invoking command in '/home/a2s4/ros_space/A2-S4/build/tutorial_pkg': CMAKE_PREFIX_PATH=${CMAKE_PREFIX_PATH}:/opt/ros/iron /usr/bin/cmake --install /home/a2s4/ros_space/A2-S4/build/tutorial_pkg
[1.187s] -- Install configuration: ""
[1.187s] -- Installing: /home/a2s4/ros_space/A2-S4/install/tutorial_pkg/share/ament_index/resource_index/package_run_dependencies/tutorial_pkg
[1.187s] -- Installing: /home/a2s4/ros_space/A2-S4/install/tutorial_pkg/share/ament_index/resource_index/parent_prefix_path/tutorial_pkg
[1.187s] -- Installing: /home/a2s4/ros_space/A2-S4/install/tutorial_pkg/share/tutorial_pkg/environment/ament_prefix_path.sh
[1.187s] -- Installing: /home/a2s4/ros_space/A2-S4/install/tutorial_pkg/share/tutorial_pkg/environment/ament_prefix_path.dsv
[1.188s] -- Installing: /home/a2s4/ros_space/A2-S4/install/tutorial_pkg/share/tutorial_pkg/environment/path.sh
[1.188s] -- Installing: /home/a2s4/ros_space/A2-S4/install/tutorial_pkg/share/tutorial_pkg/environment/path.dsv
[1.188s] -- Installing: /home/a2s4/ros_space/A2-S4/install/tutorial_pkg/share/tutorial_pkg/local_setup.bash
[1.188s] -- Installing: /home/a2s4/ros_space/A2-S4/install/tutorial_pkg/share/tutorial_pkg/local_setup.sh
[1.188s] -- Installing: /home/a2s4/ros_space/A2-S4/install/tutorial_pkg/share/tutorial_pkg/local_setup.zsh
[1.188s] -- Installing: /home/a2s4/ros_space/A2-S4/install/tutorial_pkg/share/tutorial_pkg/local_setup.dsv
[1.188s] -- Installing: /home/a2s4/ros_space/A2-S4/install/tutorial_pkg/share/tutorial_pkg/package.dsv
[1.188s] -- Installing: /home/a2s4/ros_space/A2-S4/install/tutorial_pkg/share/ament_index/resource_index/packages/tutorial_pkg
[1.188s] -- Installing: /home/a2s4/ros_space/A2-S4/install/tutorial_pkg/share/tutorial_pkg/cmake/tutorial_pkgConfig.cmake
[1.189s] -- Installing: /home/a2s4/ros_space/A2-S4/install/tutorial_pkg/share/tutorial_pkg/cmake/tutorial_pkgConfig-version.cmake
[1.189s] -- Installing: /home/a2s4/ros_space/A2-S4/install/tutorial_pkg/share/tutorial_pkg/package.xml
[1.189s] -- Installing: /home/a2s4/ros_space/A2-S4/install/tutorial_pkg/lib/tutorial_pkg/talker
[1.189s] -- Installing: /home/a2s4/ros_space/A2-S4/install/tutorial_pkg/lib/tutorial_pkg/listener
[1.189s] -- Installing: /home/a2s4/ros_space/A2-S4/install/tutorial_pkg/lib/tutorial_pkg/test_move.py
[1.189s] -- Installing: /home/a2s4/ros_space/A2-S4/install/tutorial_pkg/lib/tutorial_pkg/pournous.py
[1.189s] -- Installing: /home/a2s4/ros_space/A2-S4/install/tutorial_pkg/lib/tutorial_pkg/scan_echo.py
[1.189s] -- Up-to-date: /home/a2s4/ros_space/A2-S4/install/tutorial_pkg/lib/tutorial_pkg/test_move.py
[1.189s] -- Installing: /home/a2s4/ros_space/A2-S4/install/tutorial_pkg/lib/tutorial_pkg/straight.py
[1.189s] -- Installing: /home/a2s4/ros_space/A2-S4/install/tutorial_pkg/lib/tutorial_pkg/straight_simulation.py
[1.192s] Invoked command in '/home/a2s4/ros_space/A2-S4/build/tutorial_pkg' returned '0': CMAKE_PREFIX_PATH=${CMAKE_PREFIX_PATH}:/opt/ros/iron /usr/bin/cmake --install /home/a2s4/ros_space/A2-S4/build/tutorial_pkg
