[0.014s] Invoking command in '/home/a2s4/ros_space/A2-S4/build/tuto_vision': CMAKE_PREFIX_PATH=${CMAKE_PREFIX_PATH}:/opt/ros/iron /usr/bin/cmake --build /home/a2s4/ros_space/A2-S4/build/tuto_vision -- -j8 -l8
[0.056s] Invoked command in '/home/a2s4/ros_space/A2-S4/build/tuto_vision' returned '0': CMAKE_PREFIX_PATH=${CMAKE_PREFIX_PATH}:/opt/ros/iron /usr/bin/cmake --build /home/a2s4/ros_space/A2-S4/build/tuto_vision -- -j8 -l8
[0.058s] Invoking command in '/home/a2s4/ros_space/A2-S4/build/tuto_vision': CMAKE_PREFIX_PATH=${CMAKE_PREFIX_PATH}:/opt/ros/iron /usr/bin/cmake --install /home/a2s4/ros_space/A2-S4/build/tuto_vision
[0.066s] -- Install configuration: ""
[0.067s] -- Up-to-date: /home/a2s4/ros_space/A2-S4/install/tuto_vision/share/ament_index/resource_index/package_run_dependencies/tuto_vision
[0.067s] -- Up-to-date: /home/a2s4/ros_space/A2-S4/install/tuto_vision/share/ament_index/resource_index/parent_prefix_path/tuto_vision
[0.067s] -- Up-to-date: /home/a2s4/ros_space/A2-S4/install/tuto_vision/share/tuto_vision/environment/ament_prefix_path.sh
[0.067s] -- Up-to-date: /home/a2s4/ros_space/A2-S4/install/tuto_vision/share/tuto_vision/environment/ament_prefix_path.dsv
[0.067s] -- Up-to-date: /home/a2s4/ros_space/A2-S4/install/tuto_vision/share/tuto_vision/environment/path.sh
[0.067s] -- Up-to-date: /home/a2s4/ros_space/A2-S4/install/tuto_vision/share/tuto_vision/environment/path.dsv
[0.068s] -- Up-to-date: /home/a2s4/ros_space/A2-S4/install/tuto_vision/share/tuto_vision/local_setup.bash
[0.068s] -- Up-to-date: /home/a2s4/ros_space/A2-S4/install/tuto_vision/share/tuto_vision/local_setup.sh
[0.068s] -- Up-to-date: /home/a2s4/ros_space/A2-S4/install/tuto_vision/share/tuto_vision/local_setup.zsh
[0.068s] -- Up-to-date: /home/a2s4/ros_space/A2-S4/install/tuto_vision/share/tuto_vision/local_setup.dsv
[0.068s] -- Installing: /home/a2s4/ros_space/A2-S4/install/tuto_vision/share/tuto_vision/package.dsv
[0.068s] -- Up-to-date: /home/a2s4/ros_space/A2-S4/install/tuto_vision/share/ament_index/resource_index/packages/tuto_vision
[0.068s] -- Up-to-date: /home/a2s4/ros_space/A2-S4/install/tuto_vision/share/tuto_vision/cmake/tuto_visionConfig.cmake
[0.068s] -- Up-to-date: /home/a2s4/ros_space/A2-S4/install/tuto_vision/share/tuto_vision/cmake/tuto_visionConfig-version.cmake
[0.068s] -- Up-to-date: /home/a2s4/ros_space/A2-S4/install/tuto_vision/share/tuto_vision/package.xml
[0.068s] -- Up-to-date: /home/a2s4/ros_space/A2-S4/install/tuto_vision/lib/tuto_vision/process_image.py
[0.068s] -- Up-to-date: /home/a2s4/ros_space/A2-S4/install/tuto_vision/lib/tuto_vision/detection_objet.py
[0.086s] Invoked command in '/home/a2s4/ros_space/A2-S4/build/tuto_vision' returned '0': CMAKE_PREFIX_PATH=${CMAKE_PREFIX_PATH}:/opt/ros/iron /usr/bin/cmake --install /home/a2s4/ros_space/A2-S4/build/tuto_vision
