[0.017s] Invoking command in '/home/a2s4/ros_space/A2-S4/build/grp_24': CMAKE_PREFIX_PATH=${CMAKE_PREFIX_PATH}:/opt/ros/iron /usr/bin/cmake --build /home/a2s4/ros_space/A2-S4/build/grp_24 -- -j8 -l8
[0.062s] Invoked command in '/home/a2s4/ros_space/A2-S4/build/grp_24' returned '0': CMAKE_PREFIX_PATH=${CMAKE_PREFIX_PATH}:/opt/ros/iron /usr/bin/cmake --build /home/a2s4/ros_space/A2-S4/build/grp_24 -- -j8 -l8
[0.063s] Invoking command in '/home/a2s4/ros_space/A2-S4/build/grp_24': CMAKE_PREFIX_PATH=${CMAKE_PREFIX_PATH}:/opt/ros/iron /usr/bin/cmake --install /home/a2s4/ros_space/A2-S4/build/grp_24
[0.071s] -- Install configuration: ""
[0.071s] -- Up-to-date: /home/a2s4/ros_space/A2-S4/install/grp_24/share/grp_24//launch
[0.071s] -- Up-to-date: /home/a2s4/ros_space/A2-S4/install/grp_24/share/grp_24//launch/map_v2.yaml
[0.071s] -- Up-to-date: /home/a2s4/ros_space/A2-S4/install/grp_24/share/grp_24//launch/config_visu_marker.rviz
[0.071s] -- Up-to-date: /home/a2s4/ros_space/A2-S4/install/grp_24/share/grp_24//launch/map_v2.pgm
[0.071s] -- Up-to-date: /home/a2s4/ros_space/A2-S4/install/grp_24/share/grp_24//launch/operator_launch.yaml
[0.071s] -- Up-to-date: /home/a2s4/ros_space/A2-S4/install/grp_24/share/grp_24//launch/config_image.rviz
[0.071s] -- Up-to-date: /home/a2s4/ros_space/A2-S4/install/grp_24/share/grp_24//launch/map_config_SLAM.rviz
[0.071s] -- Up-to-date: /home/a2s4/ros_space/A2-S4/install/grp_24/share/grp_24//launch/vision_launch.yaml
[0.072s] -- Up-to-date: /home/a2s4/ros_space/A2-S4/install/grp_24/share/grp_24//launch/map.pgm
[0.072s] -- Up-to-date: /home/a2s4/ros_space/A2-S4/install/grp_24/share/grp_24//launch/simulation_launch.yaml
[0.072s] -- Up-to-date: /home/a2s4/ros_space/A2-S4/install/grp_24/share/grp_24//launch/tbot_launch_v2.yaml
[0.072s] -- Up-to-date: /home/a2s4/ros_space/A2-S4/install/grp_24/share/ament_index/resource_index/package_run_dependencies/grp_24
[0.072s] -- Up-to-date: /home/a2s4/ros_space/A2-S4/install/grp_24/share/ament_index/resource_index/parent_prefix_path/grp_24
[0.072s] -- Up-to-date: /home/a2s4/ros_space/A2-S4/install/grp_24/share/grp_24/environment/ament_prefix_path.sh
[0.072s] -- Up-to-date: /home/a2s4/ros_space/A2-S4/install/grp_24/share/grp_24/environment/ament_prefix_path.dsv
[0.072s] -- Up-to-date: /home/a2s4/ros_space/A2-S4/install/grp_24/share/grp_24/environment/path.sh
[0.072s] -- Up-to-date: /home/a2s4/ros_space/A2-S4/install/grp_24/share/grp_24/environment/path.dsv
[0.072s] -- Up-to-date: /home/a2s4/ros_space/A2-S4/install/grp_24/share/grp_24/local_setup.bash
[0.072s] -- Up-to-date: /home/a2s4/ros_space/A2-S4/install/grp_24/share/grp_24/local_setup.sh
[0.072s] -- Up-to-date: /home/a2s4/ros_space/A2-S4/install/grp_24/share/grp_24/local_setup.zsh
[0.072s] -- Up-to-date: /home/a2s4/ros_space/A2-S4/install/grp_24/share/grp_24/local_setup.dsv
[0.073s] -- Installing: /home/a2s4/ros_space/A2-S4/install/grp_24/share/grp_24/package.dsv
[0.073s] -- Up-to-date: /home/a2s4/ros_space/A2-S4/install/grp_24/share/ament_index/resource_index/packages/grp_24
[0.073s] -- Up-to-date: /home/a2s4/ros_space/A2-S4/install/grp_24/share/grp_24/cmake/grp_24Config.cmake
[0.073s] -- Up-to-date: /home/a2s4/ros_space/A2-S4/install/grp_24/share/grp_24/cmake/grp_24Config-version.cmake
[0.073s] -- Up-to-date: /home/a2s4/ros_space/A2-S4/install/grp_24/share/grp_24/package.xml
[0.092s] Invoked command in '/home/a2s4/ros_space/A2-S4/build/grp_24' returned '0': CMAKE_PREFIX_PATH=${CMAKE_PREFIX_PATH}:/opt/ros/iron /usr/bin/cmake --install /home/a2s4/ros_space/A2-S4/build/grp_24
